0 verbose cli /usr/local/share/nvm/versions/node/v22.17.0/bin/node /home/codespace/nvm/current/bin/npm
1 info using npm@9.8.1
2 info using node@v22.17.0
3 timing npm:load:whichnode Completed in 2ms
4 timing config:load:defaults Completed in 2ms
5 timing config:load:file:/usr/local/share/nvm/versions/node/v22.17.0/lib/node_modules/npm/npmrc Completed in 8ms
6 timing config:load:builtin Completed in 8ms
7 timing config:load:cli Completed in 2ms
8 timing config:load:env Completed in 0ms
9 timing config:load:file:/workspaces/punterx-panel/.npmrc Completed in 0ms
10 timing config:load:project Completed in 1ms
11 timing config:load:file:/workspaces/punterx-panel/Colorado Springs/.npmrc Completed in 0ms
12 timing config:load:user Completed in 0ms
13 timing config:load:file:/usr/local/share/nvm/versions/node/v22.17.0/etc/npmrc Completed in 1ms
14 timing config:load:global Completed in 1ms
15 timing config:load:setEnvs Completed in 0ms
16 timing config:load Completed in 15ms
17 timing npm:load:configload Completed in 15ms
18 timing config:load:flatten Completed in 1ms
19 timing npm:load:mkdirpcache Completed in 0ms
20 timing npm:load:mkdirplogs Completed in 0ms
21 verbose title npm run ci:smoke
22 verbose argv "run" "--loglevel" "silent" "ci:smoke"
23 timing npm:load:setTitle Completed in 0ms
24 timing npm:load:display Completed in 1ms
25 verbose logfile logs-max:10 dir:/workspaces/punterx-panel/Colorado Springs/.npm/_logs/2025-09-04T00_32_03_348Z-
26 verbose logfile /workspaces/punterx-panel/Colorado Springs/.npm/_logs/2025-09-04T00_32_03_348Z-debug-0.log
27 timing npm:load:logFile Completed in 10ms
28 timing npm:load:timers Completed in 0ms
29 timing npm:load:configScope Completed in 0ms
30 timing npm:load Completed in 42ms
31 silly logfile done cleaning log files
32 http fetch GET 200 https://registry.npmjs.org/npm 248ms (cache miss)
33 timing command:run Completed in 3912ms
34 notice
34 notice New [31mmajor[39m version of npm available! [31m9.8.1[39m -> [32m11.6.0[39m
34 notice Changelog: [36mhttps://github.com/npm/cli/releases/tag/v11.6.0[39m
34 notice Run [32mnpm install -g npm@11.6.0[39m to update!
34 notice
35 verbose exit 0
36 timing npm Completed in 4002ms
37 info ok
